ISim log file
Running: /home/ise/Desktop/Project/decoder_4x16/mod_4x16_test_isim_beh.exe -intstyle ise -gui -tclbatch isim.cmd -wdb /home/ise/Desktop/Project/decoder_4x16/mod_4x16_test_isim_beh.wdb 
ISim P.20131013 (signature 0xfbc00daa)
----------------------------------------------------------------------
WARNING:Security:42 - Your software subscription period has lapsed. Your current version of Xilinx tools will continue to function, but you no longer qualify for Xilinx software updates or new releases.


----------------------------------------------------------------------
This is a Full version of ISim.
Time resolution is 1 ps
# onerror resume
# wave add /
# run 1000 ns
Simulator is doing circuit initialization process.
X=0 Y=1 Z=1 W=1
Finished circuit initialization process.
X=0 Y=0 Z=0 W=0
X=1 Y=0 Z=1 W=1
X=1 Y=1 Z=0 W=1
X=1 Y=1 Z=1 W=0
X=1 Y=1 Z=1 W=1
# isim force add /mod_4x16_test/X 1 -radix bin -value 0 -radix bin -time 10 ps -repeat 20 ps
# isim force add /mod_4x16_test/X 1 -radix bin -value 0 -radix bin -time 10 ps -repeat 20 ps
# isim force add /mod_4x16_test/Z 1 -radix bin -value 0 -radix bin -time 10 ps -repeat 20 ps
# isim force add /mod_4x16_test/Z 1 -radix bin -value 0 -radix bin -time 10 ps -repeat 20 ps
# isim force add /mod_4x16_test/Y 1 -radix bin -value 0 -radix bin -time 10 ps -repeat 20 ps
# isim force add /mod_4x16_test/Y 1 -radix bin -value 0 -radix bin -time 10 ps -repeat 20 ps
# isim force add /mod_4x16_test/W 1 -radix bin -value 0 -radix bin -time 10 ps -repeat 20 ps
# isim force add /mod_4x16_test/W 1 -radix bin -value 0 -radix bin -time 10 ps -repeat 20 ps
# run 1.00us
# isim force add /mod_4x16_test/Y 1 -radix bin
# isim force add /mod_4x16_test/Y 1 -radix bin
# run 1.00us
# exit 0
